Arguments: 
  C:\Program Files\nodejs\node.exe C:\Users\runzx\AppData\Roaming\npm\node_modules\yarn\bin\yarn.js add [package]@[version]

PATH: 
  C:\Windows\system32;C:\Windows;C:\Windows\System32\Wbem;C:\Windows\System32\WindowsPowerShell\v1.0\;C:\Windows\System32\OpenSSH\;C:\Program Files\Git\cmd;C:\Program Files (x86)\PuTTY\;C:\Program Files\nodejs\;C:\Users\runzx\AppData\Local\Microsoft\WindowsApps;C:\Users\runzx\AppData\Local\Programs\Microsoft VS Code\bin;C:\Users\runzx\AppData\Local\Yarn\bin;C:\Users\runzx\AppData\Local\GitHubDesktop\bin;C:\Users\runzx\AppData\Roaming\npm

Yarn version: 
  1.12.1

Node version: 
  10.14.0

Platform: 
  win32 x64

Trace: 
  Error: https://registry.npm.taobao.org/[package]: Not found
      at Request.params.callback [as _callback] (C:\Users\runzx\AppData\Roaming\npm\node_modules\yarn\lib\cli.js:62126:18)
      at Request.self.callback (C:\Users\runzx\AppData\Roaming\npm\node_modules\yarn\lib\cli.js:124482:22)
      at Request.emit (events.js:182:13)
      at Request.<anonymous> (C:\Users\runzx\AppData\Roaming\npm\node_modules\yarn\lib\cli.js:125454:10)
      at Request.emit (events.js:182:13)
      at IncomingMessage.<anonymous> (C:\Users\runzx\AppData\Roaming\npm\node_modules\yarn\lib\cli.js:125376:12)
      at Object.onceWrapper (events.js:273:13)
      at IncomingMessage.emit (events.js:187:15)
      at endReadableNT (_stream_readable.js:1094:12)
      at process._tickCallback (internal/process/next_tick.js:63:19)

npm manifest: 
  No manifest

yarn manifest: 
  No manifest

Lockfile: 
  No lockfile
